15:50:08 | [screenshots.sh] 0.2.3 started
Screenshot of 'https://blog.forret.com' written to 'tmp/blog_forret_com.png'
Screenshot of 'https://www.forret.com' written to 'tmp/www_forret_com.png'
Screenshot of 'https://github.com/pforret' written to 'tmp/github_com.6e1aca.png'
Screenshot of 'https://cv.forret.com/' written to 'tmp/cv_forret_com.png'
Screenshot of 'https://www.tangopaparazzo.com' written to 'tmp/www_tangopaparazzo_com.png'
Screenshot of 'https://peter.forret.com' written to 'tmp/peter_forret_com.png'
Screenshot of 'https://blog.forret.com/portfolio/bashful/' written to 'tmp/blog_forret_com.381c88.png'
Screenshot of 'https://github.com/pforret/bashew' written to 'tmp/github_com.3bd4e0.png'
Traceback (most recent call last):
  File "/opt/hostedtoolcache/Python/3.10.11/x64/bin/shot-scraper", line 8, in <module>
    sys.exit(cli())
  File "/opt/hostedtoolcache/Python/3.10.11/x64/lib/python3.10/site-packages/click/core.py", line 1130, in __call__
    return self.main(*args, **kwargs)
  File "/opt/hostedtoolcache/Python/3.10.11/x64/lib/python3.10/site-packages/click/core.py", line 1055, in main
    rv = self.invoke(ctx)
  File "/opt/hostedtoolcache/Python/3.10.11/x64/lib/python3.10/site-packages/click/core.py", line 1657, in invoke
    return _process_result(sub_ctx.command.invoke(sub_ctx))
  File "/opt/hostedtoolcache/Python/3.10.11/x64/lib/python3.10/site-packages/click/core.py", line 1404, in invoke
    return ctx.invoke(self.callback, **ctx.params)
  File "/opt/hostedtoolcache/Python/3.10.11/x64/lib/python3.10/site-packages/click/core.py", line 760, in invoke
    return __callback(*args, **kwargs)
  File "/opt/hostedtoolcache/Python/3.10.11/x64/lib/python3.10/site-packages/shot_scraper/cli.py", line 308, in shot
    shot = take_shot(
  File "/opt/hostedtoolcache/Python/3.10.11/x64/lib/python3.10/site-packages/shot_scraper/cli.py", line 993, in take_shot
    response = page.goto(url)
  File "/opt/hostedtoolcache/Python/3.10.11/x64/lib/python3.10/site-packages/playwright/sync_api/_generated.py", line 9256, in goto
    self._sync(
  File "/opt/hostedtoolcache/Python/3.10.11/x64/lib/python3.10/site-packages/playwright/_impl/_sync_base.py", line 104, in _sync
    return task.result()
  File "/opt/hostedtoolcache/Python/3.10.11/x64/lib/python3.10/site-packages/playwright/_impl/_page.py", line 495, in goto
    return await self._main_frame.goto(**locals_to_params(locals()))
  File "/opt/hostedtoolcache/Python/3.10.11/x64/lib/python3.10/site-packages/playwright/_impl/_frame.py", line 147, in goto
    await self._channel.send("goto", locals_to_params(locals()))
  File "/opt/hostedtoolcache/Python/3.10.11/x64/lib/python3.10/site-packages/playwright/_impl/_connection.py", line 61, in send
    return await self._connection.wrap_api_call(
  File "/opt/hostedtoolcache/Python/3.10.11/x64/lib/python3.10/site-packages/playwright/_impl/_connection.py", line 461, in wrap_api_call
    return await cb()
  File "/opt/hostedtoolcache/Python/3.10.11/x64/lib/python3.10/site-packages/playwright/_impl/_connection.py", line 96, in inner_send
    result = next(iter(done)).result()
playwright._impl._api_types.Error: net::ERR_SSL_UNRECOGNIZED_NAME_ALERT at https://www.getrevue.co/profile/bashful
=========================== logs ===========================
navigating to "https://www.getrevue.co/profile/bashful", waiting until "load"
============================================================
Screenshot of 'https://www.basher.it/package/' written to 'tmp/www_basher_it.c19359.png'
Screenshot of 'https://toolstud.io' written to 'tmp/toolstud_io.png'
Screenshot of 'https://www.churlie.com' written to 'tmp/www_churlie_com.png'
Screenshot of 'https://usage.toolstud.io' written to 'tmp/usage_toolstud_io.png'
Screenshot of 'https://splashing.forret.com/' written to 'tmp/splashing_forret_com.png'
Screenshot of 'https://nuuz.io/tech' written to 'tmp/nuuz_io.6da9ea.png'
Screenshot of 'https://wattpeakhours.com' written to 'tmp/wattpeakhours_com.png'
15:51:07 | WARNING: could not find [images/wattpeakhours_com.png]
Screenshot of 'https://onlythebestportraits.com' written to 'tmp/onlythebestportraits_com.png'
Screenshot of 'https://maroshee.com' written to 'tmp/maroshee_com.png'
Screenshot of 'https://ingevanderhaegen.be' written to 'tmp/ingevanderhaegen_be.png'
Screenshot of 'https://gamzeyerci.com' written to 'tmp/gamzeyerci_com.png'
15:51:26 | [screenshots.sh] ended after 79 secs
15:51:26 | --------------------------------------------------
15:51:26 | [screenshots.sh] 0.2.3 started
15:53:21 | [screenshots.sh] 0.2.3 started
Screenshot of 'https://blog.forret.com' written to 'tmp/blog_forret_com.png'
Screenshot of 'https://www.forret.com' written to 'tmp/www_forret_com.png'
Screenshot of 'https://github.com/pforret' written to 'tmp/github_com.6e1aca.png'
Screenshot of 'https://cv.forret.com' written to 'tmp/cv_forret_com.png'
Screenshot of 'https://www.tangopaparazzo.com' written to 'tmp/www_tangopaparazzo_com.png'
Screenshot of 'https://peter.forret.com' written to 'tmp/peter_forret_com.png'
Screenshot of 'https://blog.forret.com/portfolio/bashful/' written to 'tmp/blog_forret_com.381c88.png'
Screenshot of 'https://github.com/pforret/bashew' written to 'tmp/github_com.3bd4e0.png'
Traceback (most recent call last):
  File "/opt/hostedtoolcache/Python/3.10.11/x64/bin/shot-scraper", line 8, in <module>
    sys.exit(cli())
  File "/opt/hostedtoolcache/Python/3.10.11/x64/lib/python3.10/site-packages/click/core.py", line 1130, in __call__
    return self.main(*args, **kwargs)
  File "/opt/hostedtoolcache/Python/3.10.11/x64/lib/python3.10/site-packages/click/core.py", line 1055, in main
    rv = self.invoke(ctx)
  File "/opt/hostedtoolcache/Python/3.10.11/x64/lib/python3.10/site-packages/click/core.py", line 1657, in invoke
    return _process_result(sub_ctx.command.invoke(sub_ctx))
  File "/opt/hostedtoolcache/Python/3.10.11/x64/lib/python3.10/site-packages/click/core.py", line 1404, in invoke
    return ctx.invoke(self.callback, **ctx.params)
  File "/opt/hostedtoolcache/Python/3.10.11/x64/lib/python3.10/site-packages/click/core.py", line 760, in invoke
    return __callback(*args, **kwargs)
  File "/opt/hostedtoolcache/Python/3.10.11/x64/lib/python3.10/site-packages/shot_scraper/cli.py", line 308, in shot
    shot = take_shot(
  File "/opt/hostedtoolcache/Python/3.10.11/x64/lib/python3.10/site-packages/shot_scraper/cli.py", line 993, in take_shot
    response = page.goto(url)
  File "/opt/hostedtoolcache/Python/3.10.11/x64/lib/python3.10/site-packages/playwright/sync_api/_generated.py", line 9256, in goto
    self._sync(
  File "/opt/hostedtoolcache/Python/3.10.11/x64/lib/python3.10/site-packages/playwright/_impl/_sync_base.py", line 104, in _sync
    return task.result()
  File "/opt/hostedtoolcache/Python/3.10.11/x64/lib/python3.10/site-packages/playwright/_impl/_page.py", line 495, in goto
    return await self._main_frame.goto(**locals_to_params(locals()))
  File "/opt/hostedtoolcache/Python/3.10.11/x64/lib/python3.10/site-packages/playwright/_impl/_frame.py", line 147, in goto
    await self._channel.send("goto", locals_to_params(locals()))
  File "/opt/hostedtoolcache/Python/3.10.11/x64/lib/python3.10/site-packages/playwright/_impl/_connection.py", line 61, in send
    return await self._connection.wrap_api_call(
  File "/opt/hostedtoolcache/Python/3.10.11/x64/lib/python3.10/site-packages/playwright/_impl/_connection.py", line 461, in wrap_api_call
    return await cb()
  File "/opt/hostedtoolcache/Python/3.10.11/x64/lib/python3.10/site-packages/playwright/_impl/_connection.py", line 96, in inner_send
    result = next(iter(done)).result()
playwright._impl._api_types.Error: net::ERR_SSL_UNRECOGNIZED_NAME_ALERT at https://www.getrevue.co/profile/bashful
=========================== logs ===========================
navigating to "https://www.getrevue.co/profile/bashful", waiting until "load"
============================================================
Screenshot of 'https://www.basher.it/package/' written to 'tmp/www_basher_it.c19359.png'
Screenshot of 'https://toolstud.io' written to 'tmp/toolstud_io.png'
Screenshot of 'https://blog.toolstud.io' written to 'tmp/blog_toolstud_io.png'
15:53:53 | WARNING: could not find [images/blog_toolstud_io.png]
Screenshot of 'https://www.churlie.com' written to 'tmp/www_churlie_com.png'
Screenshot of 'https://usage.toolstud.io' written to 'tmp/usage_toolstud_io.png'
Screenshot of 'https://splashing.forret.com' written to 'tmp/splashing_forret_com.png'
Screenshot of 'https://nuuz.io/tech' written to 'tmp/nuuz_io.6da9ea.png'
Screenshot of 'https://wattpeakhours.com' written to 'tmp/wattpeakhours_com.png'
Screenshot of 'https://onlythebestportraits.com' written to 'tmp/onlythebestportraits_com.png'
Screenshot of 'https://maroshee.com' written to 'tmp/maroshee_com.png'
Screenshot of 'https://ingevanderhaegen.be' written to 'tmp/ingevanderhaegen_be.png'
Screenshot of 'https://gamzeyerci.com' written to 'tmp/gamzeyerci_com.png'
15:54:32 | [screenshots.sh] ended after 71 secs
15:54:32 | --------------------------------------------------
15:54:32 | [screenshots.sh] 0.2.3 started
